<?xml version="1.0" encoding="UTF-8"?>
<!-- Generated by org.testng.reporters.JUnitReportReporter -->
<testsuite skipped="2" hostname="Haier-PC" name="testcases.TestDeviceDetail" tests="28" failures="0" timestamp="06 Aug 2020 14:07:28 GMT" time="6.490" errors="0">
  <testcase name="GetAllTags" time="0.142" classname="testcases.TestDeviceDetail"/>
  <testcase name="PostInsertDeviceTagNew" time="1.179" classname="testcases.TestDeviceDetail"/>
  <testcase name="GetUsersForDevice" time="0.114" classname="testcases.TestDeviceDetail"/>
  <testcase name="GetDevicesDetailsByID" time="0.136" classname="testcases.TestDeviceDetail"/>
  <testcase name="GetDeviceAdaptersList" time="0.082" classname="testcases.TestDeviceDetail"/>
  <testcase name="GetConnectedHardwareForDevice" time="0.121" classname="testcases.TestDeviceDetail"/>
  <testcase name="GetDeviceTagDetailsById" time="0.132" classname="testcases.TestDeviceDetail"/>
  <testcase name="DeleteDeviceSingleTag" time="0.089" classname="testcases.TestDeviceDetail"/>
  <testcase name="GetNetworkInterfacesDetailsById" time="0.088" classname="testcases.TestDeviceDetail"/>
  <testcase name="GetOSPatchesDetailsById" time="0.084" classname="testcases.TestDeviceDetail"/>
  <testcase name="PostInsertNote" time="0.091" classname="testcases.TestDeviceDetail"/>
  <testcase name="GetRunningProcessesDetailsById" time="0.085" classname="testcases.TestDeviceDetail"/>
  <testcase name="PostInsertDeviceNoteNew" time="2.852" classname="testcases.TestDeviceDetail"/>
  <testcase name="DeleteDeviceNote" time="0.221" classname="testcases.TestDeviceDetail"/>
  <testcase name="GetSharedFoldersDetailsById" time="0.097" classname="testcases.TestDeviceDetail"/>
  <testcase name="GetLoadBalancerRulesForDevice" time="0.075" classname="testcases.TestDeviceDetail"/>
  <testcase name="GetDeviceNoteDetailsById" time="0.086" classname="testcases.TestDeviceDetail"/>
  <testcase name="GeAdapterDetailsById" time="0.101" classname="testcases.TestDeviceDetail"/>
  <testcase name="GetAllDevices" time="0.087" classname="testcases.TestDeviceDetail"/>
  <testcase name="GetGeneralDetailsById" time="0.096" classname="testcases.TestDeviceDetail"/>
  <testcase name="GetUserDetailsById" time="0.092" classname="testcases.TestDeviceDetail"/>
  <testcase name="GetInstalledSoftwareDetailsById" time="0.091" classname="testcases.TestDeviceDetail"/>
  <testcase name="PostInsertDeviceTag" time="0.075" classname="testcases.TestDeviceDetail"/>
  <testcase name="GetDrivesDetailsById" time="0.092" classname="testcases.TestDeviceDetail"/>
  <testcase name="GetOSDetailsById" time="0.082" classname="testcases.TestDeviceDetail"/>
  <testcase name="DeleteDiscoveredDevice" time="0.100" classname="testcases.TestDeviceDetail"/>
  <testcase name="GetAllDevices1" classname="testcases.TestDeviceDetail">
    <skipped/>
  </testcase> <!-- GetAllDevices1 -->
  <testcase name="DeleteDeviceBukTag" classname="testcases.TestDeviceDetail">
    <skipped/>
  </testcase> <!-- DeleteDeviceBukTag -->
</testsuite> <!-- testcases.TestDeviceDetail -->
