<?xml version="1.0" encoding="UTF-8"?>
<!-- Generated by org.testng.reporters.JUnitReportReporter -->
<testsuite skipped="0" hostname="Haier-PC" name="testcases.TestDashboard" tests="11" failures="0" timestamp="06 Aug 2020 14:07:28 GMT" time="1.369" errors="0">
  <testcase name="GetAllAdaptersCount" time="0.107" classname="testcases.TestDashboard"/>
  <testcase name="GetWMICAdapterCount" time="0.115" classname="testcases.TestDashboard"/>
  <testcase name="GetADAdapterCount" time="0.092" classname="testcases.TestDashboard"/>
  <testcase name="GetWMICAssetTypeDistribution" time="0.080" classname="testcases.TestDashboard"/>
  <testcase name="GetAWSAssetTypeDistribution" time="0.100" classname="testcases.TestDashboard"/>
  <testcase name="GetAzureAssetTypeDistribution" time="0.126" classname="testcases.TestDashboard"/>
  <testcase name="GetCloudVSNonCloud" time="0.350" classname="testcases.TestDashboard"/>
  <testcase name="GetOSDistribution" time="0.082" classname="testcases.TestDashboard"/>
  <testcase name="GetTotalUserCount" time="0.087" classname="testcases.TestDashboard"/>
  <testcase name="GetAzureAdapterCount" time="0.135" classname="testcases.TestDashboard"/>
  <testcase name="GetADAssetTypeDistribution" time="0.095" classname="testcases.TestDashboard"/>
</testsuite> <!-- testcases.TestDashboard -->
