<?xml version="1.0" encoding="UTF-8"?>
<!-- Generated by org.testng.reporters.JUnitReportReporter -->
<testsuite skipped="0" hostname="Haier-PC" name="testcases.TestUserAuditLogs" tests="4" failures="0" timestamp="06 Aug 2020 14:07:28 GMT" time="0.699" errors="0">
  <testcase name="GetAllUserAuditList" time="0.161" classname="testcases.TestUserAuditLogs"/>
  <testcase name="GetAuditDetail" time="0.244" classname="testcases.TestUserAuditLogs"/>
  <testcase name="GetAllUsersName" time="0.098" classname="testcases.TestUserAuditLogs"/>
  <testcase name="GetUserAudit" time="0.196" classname="testcases.TestUserAuditLogs"/>
</testsuite> <!-- testcases.TestUserAuditLogs -->
