<?xml version="1.0" encoding="UTF-8"?>
<!-- Generated by org.testng.reporters.JUnitReportReporter -->
<testsuite skipped="0" hostname="Haier-PC" name="testcases.TestLDAP" tests="4" failures="0" timestamp="06 Aug 2020 14:07:28 GMT" time="0.694" errors="0">
  <testcase name="PostConfigureLDAP" time="0.182" classname="testcases.TestLDAP"/>
  <testcase name="PostADLogin" time="0.183" classname="testcases.TestLDAP"/>
  <testcase name="PostADLoginNew" time="0.238" classname="testcases.TestLDAP"/>
  <testcase name="GetLDAPConfiguration" time="0.091" classname="testcases.TestLDAP"/>
</testsuite> <!-- testcases.TestLDAP -->
