<?xml version="1.0" encoding="UTF-8"?>
<!-- Generated by org.testng.reporters.JUnitReportReporter -->
<testsuite skipped="3" hostname="Haier-PC" name="testcases.TestAdapterConfiguration" tests="7" failures="0" timestamp="06 Aug 2020 14:07:28 GMT" time="1.794" errors="0">
  <testcase name="GetAWSAdapterConfiguration" time="0.106" classname="testcases.TestAdapterConfiguration"/>
  <testcase name="GetAllAdapters" time="0.085" classname="testcases.TestAdapterConfiguration"/>
  <testcase name="GetADAdapterConfiguration" time="0.254" classname="testcases.TestAdapterConfiguration"/>
  <testcase name="GetAZUREAdapterConfiguration" time="1.349" classname="testcases.TestAdapterConfiguration"/>
  <testcase name="PostAWSConfiguration" classname="testcases.TestAdapterConfiguration">
    <skipped/>
  </testcase> <!-- PostAWSConfiguration -->
  <testcase name="PostADConfiguration" classname="testcases.TestAdapterConfiguration">
    <skipped/>
  </testcase> <!-- PostADConfiguration -->
  <testcase name="PostAzureConfiguration" classname="testcases.TestAdapterConfiguration">
    <skipped/>
  </testcase> <!-- PostAzureConfiguration -->
</testsuite> <!-- testcases.TestAdapterConfiguration -->
