<?xml version="1.0" encoding="UTF-8"?>
<!-- Generated by org.testng.reporters.JUnitReportReporter -->
<testsuite skipped="1" hostname="Haier-PC" name="testcases.TestIntegrationController" tests="2" failures="0" timestamp="06 Aug 2020 14:07:28 GMT" time="0.125" errors="0">
  <testcase name="GetActiveMQConnectivity" time="0.125" classname="testcases.TestIntegrationController"/>
  <testcase name="GetMongoConnectivity" classname="testcases.TestIntegrationController">
    <skipped/>
  </testcase> <!-- GetMongoConnectivity -->
</testsuite> <!-- testcases.TestIntegrationController -->
