<?xml version="1.0" encoding="UTF-8"?>
<!-- Generated by org.testng.reporters.JUnitReportReporter -->
<testsuite skipped="0" hostname="Haier-PC" name="testcases.TestQueryWizard" tests="22" failures="0" timestamp="06 Aug 2020 14:07:28 GMT" time="2.249" errors="0">
  <testcase name="PostUserSaveQuery" time="0.090" classname="testcases.TestQueryWizard"/>
  <testcase name="GetInOperator" time="0.087" classname="testcases.TestQueryWizard"/>
  <testcase name="GetUserSavedQueries" time="0.100" classname="testcases.TestQueryWizard"/>
  <testcase name="GetAllSavedQueries" time="0.100" classname="testcases.TestQueryWizard"/>
  <testcase name="GetAllSavedQueriesNoPaginationDevice" time="0.118" classname="testcases.TestQueryWizard"/>
  <testcase name="GetDeviceSavedQueries" time="0.100" classname="testcases.TestQueryWizard"/>
  <testcase name="GetExecuteUserSavedQuery" time="0.077" classname="testcases.TestQueryWizard"/>
  <testcase name="GetNotEqualOperator" time="0.104" classname="testcases.TestQueryWizard"/>
  <testcase name="GetExistsOperatorFalse" time="0.116" classname="testcases.TestQueryWizard"/>
  <testcase name="GetAllSavedQueriesNoPaginationUser" time="0.092" classname="testcases.TestQueryWizard"/>
  <testcase name="PostDeviceSaveQuery" time="0.082" classname="testcases.TestQueryWizard"/>
  <testcase name="GetContainOperator" time="0.118" classname="testcases.TestQueryWizard"/>
  <testcase name="GetEndWithOperator" time="0.124" classname="testcases.TestQueryWizard"/>
  <testcase name="GetANDOperator" time="0.089" classname="testcases.TestQueryWizard"/>
  <testcase name="GetStartWithOperator" time="0.127" classname="testcases.TestQueryWizard"/>
  <testcase name="GetStatementQuery" time="0.082" classname="testcases.TestQueryWizard"/>
  <testcase name="GetExecuteDeviceSavedQuery" time="0.093" classname="testcases.TestQueryWizard"/>
  <testcase name="GetEqualOperator" time="0.106" classname="testcases.TestQueryWizard"/>
  <testcase name="PostSaveQueryOverWrite" time="0.094" classname="testcases.TestQueryWizard"/>
  <testcase name="GetExistsOperatorTrue" time="0.118" classname="testcases.TestQueryWizard"/>
  <testcase name="GetAdapterDetailsQuery" time="0.089" classname="testcases.TestQueryWizard"/>
  <testcase name="GetOROperator" time="0.143" classname="testcases.TestQueryWizard"/>
</testsuite> <!-- testcases.TestQueryWizard -->
