<?xml version="1.0" encoding="UTF-8"?>
<!-- Generated by org.testng.reporters.JUnitReportReporter -->
<testsuite skipped="1" hostname="Haier-PC" name="testcases.TestPolicyRoutine" tests="17" failures="0" timestamp="06 Aug 2020 14:07:28 GMT" time="2.695" errors="0">
  <testcase name="PostEnforcePolicyonDevice" time="0.090" classname="testcases.TestPolicyRoutine"/>
  <testcase name="GetPolicyRoutineActions" time="0.074" classname="testcases.TestPolicyRoutine"/>
  <testcase name="GetPolicyRoutineById" time="0.099" classname="testcases.TestPolicyRoutine"/>
  <testcase name="PostCreatePolicyRoutine" time="1.136" classname="testcases.TestPolicyRoutine"/>
  <testcase name="PostEnforcePolicyOnDeviceNew" time="0.114" classname="testcases.TestPolicyRoutine"/>
  <testcase name="GetPolicyRoutineAllData" time="0.104" classname="testcases.TestPolicyRoutine"/>
  <testcase name="PostCreatePolicyRoutineNew" time="0.165" classname="testcases.TestPolicyRoutine"/>
  <testcase name="GetPolicyRoutineTable" time="0.134" classname="testcases.TestPolicyRoutine"/>
  <testcase name="GetPolicyRoutineUserActions" time="0.103" classname="testcases.TestPolicyRoutine"/>
  <testcase name="GetPolicyRoutineDeviceActions" time="0.095" classname="testcases.TestPolicyRoutine"/>
  <testcase name="GetPolicyRoutineSummary" time="0.102" classname="testcases.TestPolicyRoutine"/>
  <testcase name="GetPolicyRoutineTableWithFilter" time="0.099" classname="testcases.TestPolicyRoutine"/>
  <testcase name="GetActionsPair" time="0.085" classname="testcases.TestPolicyRoutine"/>
  <testcase name="PutPolicyRoutine" time="0.091" classname="testcases.TestPolicyRoutine"/>
  <testcase name="PostEnforcePolicyOnUserNew" time="0.130" classname="testcases.TestPolicyRoutine"/>
  <testcase name="PostEnforcePolicyonUser" time="0.074" classname="testcases.TestPolicyRoutine"/>
  <testcase name="DeletePolicyRoutine" classname="testcases.TestPolicyRoutine">
    <skipped/>
  </testcase> <!-- DeletePolicyRoutine -->
</testsuite> <!-- testcases.TestPolicyRoutine -->
