<?xml version="1.0" encoding="UTF-8"?>
<!-- Generated by org.testng.reporters.JUnitReportReporter -->
<testsuite skipped="4" hostname="Haier-PC" name="testcases.TestUserDetails" tests="16" failures="0" timestamp="06 Aug 2020 14:07:28 GMT" time="1.627" errors="0">
  <testcase name="GetUsersAdapterData" time="0.108" classname="testcases.TestUserDetails"/>
  <testcase name="GetAllUsers" time="0.156" classname="testcases.TestUserDetails"/>
  <testcase name="GetUserNoteById" time="0.102" classname="testcases.TestUserDetails"/>
  <testcase name="PostInsertUserNote" time="0.123" classname="testcases.TestUserDetails"/>
  <testcase name="GetUserTagById" time="0.185" classname="testcases.TestUserDetails"/>
  <testcase name="GetUserByID" time="0.070" classname="testcases.TestUserDetails"/>
  <testcase name="GetGeneralDetails" time="0.076" classname="testcases.TestUserDetails"/>
  <testcase name="GetAllUserTags" time="0.103" classname="testcases.TestUserDetails"/>
  <testcase name="GetUserAdaptersList" time="0.072" classname="testcases.TestUserDetails"/>
  <testcase name="PostInsertUserTagNew" time="0.419" classname="testcases.TestUserDetails"/>
  <testcase name="PostInsertUserTag" time="0.089" classname="testcases.TestUserDetails"/>
  <testcase name="PostInsertUserNoteNew" time="0.124" classname="testcases.TestUserDetails"/>
  <testcase name="DeleteUserNote" classname="testcases.TestUserDetails">
    <skipped/>
  </testcase> <!-- DeleteUserNote -->
  <testcase name="DeleteUserNoteNew" classname="testcases.TestUserDetails">
    <skipped/>
  </testcase> <!-- DeleteUserNoteNew -->
  <testcase name="DeleteUserSingleTag" classname="testcases.TestUserDetails">
    <skipped/>
  </testcase> <!-- DeleteUserSingleTag -->
  <testcase name="DeleteUserBukTag" classname="testcases.TestUserDetails">
    <skipped/>
  </testcase> <!-- DeleteUserBukTag -->
</testsuite> <!-- testcases.TestUserDetails -->
